[2023-10-09 20:32:48,154] [INFO] l**********@g****.com {'ret': 0, 'msg': '您似乎已经签到过了...'}
[2023-10-10 03:18:44,762] [INFO] l**********@g****.com {'ret': 0, 'msg': '您似乎已经签到过了...'}
[2023-10-11 03:19:00,664] [INFO] l**********@g****.com {'msg': '获得了 382MB 流量.', 'unflowtraffic': 6736052224, 'traffic': '6.27GB', 'trafficInfo': {'todayUsedTraffic': '36.2KB', 'lastUsedTraffic': '6.09MB', 'unUsedTraffic': '6.27GB'}, 'ret': 1}
[2023-10-12 03:18:47,240] [INFO] l**********@g****.com {'msg': '获得了 348MB 流量.', 'unflowtraffic': 7100956672, 'traffic': '6.61GB', 'trafficInfo': {'todayUsedTraffic': '36.2KB', 'lastUsedTraffic': '6.12MB', 'unUsedTraffic': '6.61GB'}, 'ret': 1}
[2023-10-13 03:19:27,002] [INFO] l**********@g****.com {'msg': '获得了 469MB 流量.', 'unflowtraffic': 7592738816, 'traffic': '7.07GB', 'trafficInfo': {'todayUsedTraffic': '156.2KB', 'lastUsedTraffic': '6.16MB', 'unUsedTraffic': '7.07GB'}, 'ret': 1}
[2023-10-14 03:18:17,143] [INFO] l**********@g****.com {'msg': '获得了 442MB 流量.', 'unflowtraffic': 8056209408, 'traffic': '7.5GB', 'trafficInfo': {'todayUsedTraffic': '36.2KB', 'lastUsedTraffic': '6.31MB', 'unUsedTraffic': '7.5GB'}, 'ret': 1}
[2023-10-15 03:18:25,056] [INFO] l**********@g****.com {'msg': '获得了 492MB 流量.', 'unflowtraffic': 8572108800, 'traffic': '7.98GB', 'trafficInfo': {'todayUsedTraffic': '67.22KB', 'lastUsedTraffic': '6.35MB', 'unUsedTraffic': '7.98GB'}, 'ret': 1}
[2023-10-16 03:19:24,716] [INFO] l**********@g****.com {'msg': '获得了 351MB 流量.', 'unflowtraffic': 8940158976, 'traffic': '8.33GB', 'trafficInfo': {'todayUsedTraffic': '99.22KB', 'lastUsedTraffic': '6.61MB', 'unUsedTraffic': '8.32GB'}, 'ret': 1}
[2023-10-17 03:19:01,967] [INFO] l**********@g****.com {'msg': '获得了 500MB 流量.', 'unflowtraffic': 9464446976, 'traffic': '8.81GB', 'trafficInfo': {'todayUsedTraffic': '31.03KB', 'lastUsedTraffic': '6.74MB', 'unUsedTraffic': '8.81GB'}, 'ret': 1}
[2023-10-18 03:18:55,575] [INFO] l**********@g****.com {'msg': '获得了 393MB 流量.', 'unflowtraffic': 9876537344, 'traffic': '9.2GB', 'trafficInfo': {'todayUsedTraffic': '36.2KB', 'lastUsedTraffic': '6.77MB', 'unUsedTraffic': '9.19GB'}, 'ret': 1}
[2023-10-19 03:18:39,082] [INFO] l**********@g****.com {'msg': '获得了 468MB 流量.', 'unflowtraffic': 10367270912, 'traffic': '9.66GB', 'trafficInfo': {'todayUsedTraffic': '72.39KB', 'lastUsedTraffic': '6.81MB', 'unUsedTraffic': '9.65GB'}, 'ret': 1}
[2023-10-20 03:18:41,124] [INFO] l**********@g****.com {'msg': '获得了 318MB 流量.', 'unflowtraffic': 10700718080, 'traffic': '9.97GB', 'trafficInfo': {'todayUsedTraffic': '72.38KB', 'lastUsedTraffic': '6.88MB', 'unUsedTraffic': '9.96GB'}, 'ret': 1}
[2023-10-21 03:18:24,944] [INFO] l**********@g****.com {'msg': '获得了 479MB 流量.', 'unflowtraffic': 11202985984, 'traffic': '10.43GB', 'trafficInfo': {'todayUsedTraffic': '51.26KB', 'lastUsedTraffic': '7MB', 'unUsedTraffic': '10.43GB'}, 'ret': 1}
[2023-10-22 03:19:11,913] [INFO] l**********@g****.com {'msg': '获得了 452MB 流量.', 'unflowtraffic': 11676942336, 'traffic': '10.88GB', 'trafficInfo': {'todayUsedTraffic': '25.85KB', 'lastUsedTraffic': '7.05MB', 'unUsedTraffic': '10.87GB'}, 'ret': 1}
[2023-10-23 03:19:20,334] [INFO] l**********@g****.com {'msg': '获得了 324MB 流量.', 'unflowtraffic': 12016680960, 'traffic': '11.19GB', 'trafficInfo': {'todayUsedTraffic': '51.7KB', 'lastUsedTraffic': '7.1MB', 'unUsedTraffic': '11.18GB'}, 'ret': 1}
[2023-10-24 03:19:43,032] [INFO] l**********@g****.com {'msg': '获得了 326MB 流量.', 'unflowtraffic': 12358516736, 'traffic': '11.51GB', 'trafficInfo': {'todayUsedTraffic': '25.85KB', 'lastUsedTraffic': '7.22MB', 'unUsedTraffic': '11.5GB'}, 'ret': 1}
[2023-10-25 03:19:03,955] [INFO] l**********@g****.com {'msg': '获得了 302MB 流量.', 'unflowtraffic': 12675186688, 'traffic': '11.8GB', 'trafficInfo': {'todayUsedTraffic': '20.68KB', 'lastUsedTraffic': '7.24MB', 'unUsedTraffic': '11.8GB'}, 'ret': 1}
[2023-10-26 03:18:30,762] [INFO] l**********@g****.com {'msg': '获得了 300MB 流量.', 'unflowtraffic': 12989759488, 'traffic': '12.1GB', 'trafficInfo': {'todayUsedTraffic': '25.85KB', 'lastUsedTraffic': '7.26MB', 'unUsedTraffic': '12.09GB'}, 'ret': 1}
[2023-10-27 03:18:28,911] [INFO] l**********@g****.com {'msg': '获得了 495MB 流量.', 'unflowtraffic': 13508804608, 'traffic': '12.58GB', 'trafficInfo': {'todayUsedTraffic': '25.85KB', 'lastUsedTraffic': '7.34MB', 'unUsedTraffic': '12.57GB'}, 'ret': 1}
[2023-10-28 03:18:07,588] [INFO] l**********@g****.com {'msg': '获得了 410MB 流量.', 'unflowtraffic': 13938720768, 'traffic': '12.98GB', 'trafficInfo': {'todayUsedTraffic': '25.85KB', 'lastUsedTraffic': '7.36MB', 'unUsedTraffic': '12.97GB'}, 'ret': 1}
[2023-10-29 03:18:28,360] [INFO] l**********@g****.com {'msg': '获得了 445MB 流量.', 'unflowtraffic': 14405337088, 'traffic': '13.42GB', 'trafficInfo': {'todayUsedTraffic': '267B', 'lastUsedTraffic': '7.39MB', 'unUsedTraffic': '13.41GB'}, 'ret': 1}
[2023-10-30 03:19:29,646] [INFO] l**********@g****.com {'msg': '获得了 429MB 流量.', 'unflowtraffic': 14855176192, 'traffic': '13.83GB', 'trafficInfo': {'todayUsedTraffic': '25.85KB', 'lastUsedTraffic': '7.39MB', 'unUsedTraffic': '13.83GB'}, 'ret': 1}
[2023-10-31 02:11:31,025] [INFO] 1*******@q*.com {'msg': '获得了 388MB 流量.', 'unflowtraffic': 1823473664, 'traffic': '1.7GB', 'trafficInfo': {'todayUsedTraffic': '32.39MB', 'lastUsedTraffic': '48.52MB', 'unUsedTraffic': '1.62GB'}, 'ret': 1}
[2023-10-31 13:19:55,858] [INFO] 1*******@q*.com {'ret': 0, 'msg': '您似乎已经签到过了...'}
[2023-11-01 13:19:36,028] [INFO] 1*******@q*.com {'ret': 0, 'msg': '您似乎已经签到过了...'}
[2023-11-02 13:20:16,728] [INFO] 1*******@q*.com {'ret': 0, 'msg': '您似乎已经签到过了...'}
[2023-11-03 13:20:47,365] [INFO] 1*******@q*.com {'ret': 0, 'msg': '您似乎已经签到过了...'}
[2023-11-04 13:17:33,296] [INFO] 1*******@q*.com {'ret': 0, 'msg': '您似乎已经签到过了...'}
[2023-11-05 13:17:54,311] [INFO] 1*******@q*.com {'ret': 0, 'msg': '您似乎已经签到过了...'}
[2023-11-06 13:21:41,274] [INFO] 1*******@q*.com {'ret': 0, 'msg': '您似乎已经签到过了...'}
[2023-11-07 13:19:52,554] [INFO] 1*******@q*.com {'ret': 0, 'msg': '您似乎已经签到过了...'}
[2023-11-08 13:20:17,100] [INFO] 1*******@q*.com {'ret': 0, 'msg': '您似乎已经签到过了...'}
[2023-11-09 13:20:26,415] [INFO] 1*******@q*.com {'ret': 0, 'msg': '您似乎已经签到过了...'}
[2023-11-10 13:20:01,714] [INFO] 1*******@q*.com {'ret': 0, 'msg': '您似乎已经签到过了...'}
[2023-11-11 13:17:52,046] [INFO] 1*******@q*.com {'ret': 0, 'msg': '您似乎已经签到过了...'}
[2023-11-12 13:18:10,289] [INFO] 1*******@q*.com {'ret': 0, 'msg': '您似乎已经签到过了...'}
[2023-11-13 13:20:47,654] [INFO] 1*******@q*.com {'ret': 0, 'msg': '您似乎已经签到过了...'}
[2023-11-14 13:21:03,981] [INFO] 1*******@q*.com {'ret': 0, 'msg': '您似乎已经签到过了...'}
[2023-11-15 13:21:45,439] [INFO] 1*******@q*.com {'ret': 0, 'msg': '您似乎已经签到过了...'}
[2023-11-18 13:18:15,705] [INFO] 1*******@q*.com {'ret': 0, 'msg': '您似乎已经签到过了...'}
[2023-11-19 13:18:30,593] [INFO] 1*******@q*.com {'ret': 0, 'msg': '您似乎已经签到过了...'}
[2023-11-20 13:21:53,515] [INFO] 1*******@q*.com {'ret': 0, 'msg': '您似乎已经签到过了...'}
[2023-11-21 13:21:50,624] [INFO] 1*******@q*.com {'ret': 0, 'msg': '您似乎已经签到过了...'}
[2023-11-22 13:22:22,976] [INFO] 1*******@q*.com {'ret': 0, 'msg': '您似乎已经签到过了...'}
[2023-11-23 13:23:39,479] [INFO] 1*******@q*.com {'ret': 0, 'msg': '您似乎已经签到过了...'}
[2023-11-24 13:20:20,647] [INFO] 1*******@q*.com {'ret': 0, 'msg': '您似乎已经签到过了...'}
[2023-11-25 13:18:04,216] [INFO] 1*******@q*.com {'ret': 0, 'msg': '您似乎已经签到过了...'}
[2023-11-26 13:18:40,710] [INFO] 1*******@q*.com {'ret': 0, 'msg': '您似乎已经签到过了...'}
[2023-11-27 13:21:18,840] [INFO] 1*******@q*.com {'ret': 0, 'msg': '您似乎已经签到过了...'}
[2023-11-28 13:20:51,655] [INFO] 1*******@q*.com {'ret': 0, 'msg': '您似乎已经签到过了...'}
[2023-11-29 13:20:54,938] [INFO] 1*******@q*.com {'ret': 0, 'msg': '您似乎已经签到过了...'}
[2023-11-30 13:23:42,402] [INFO] 1*******@q*.com {'ret': 0, 'msg': '您似乎已经签到过了...'}
[2023-12-01 13:21:28,672] [INFO] 1*******@q*.com {'ret': 0, 'msg': '您似乎已经签到过了...'}
[2023-12-02 13:18:01,204] [INFO] 1*******@q*.com {'ret': 0, 'msg': '您似乎已经签到过了...'}
[2023-12-03 13:18:17,291] [INFO] 1*******@q*.com {'ret': 0, 'msg': '您似乎已经签到过了...'}
[2023-12-04 13:22:01,658] [INFO] 1*******@q*.com {'ret': 0, 'msg': '您似乎已经签到过了...'}
[2023-12-05 13:21:44,195] [INFO] 1*******@q*.com {'ret': 0, 'msg': '您似乎已经签到过了...'}
[2023-12-06 13:21:15,593] [INFO] 1*******@q*.com {'ret': 0, 'msg': '您似乎已经签到过了...'}
[2023-12-07 13:25:14,985] [INFO] 1*******@q*.com {'ret': 0, 'msg': '您似乎已经签到过了...'}
[2023-12-08 13:20:32,042] [INFO] 1*******@q*.com {'ret': 0, 'msg': '您似乎已经签到过了...'}
[2023-12-09 13:18:14,974] [INFO] 1*******@q*.com {'ret': 0, 'msg': '您似乎已经签到过了...'}
[2023-12-10 13:18:17,140] [INFO] 1*******@q*.com {'ret': 0, 'msg': '您似乎已经签到过了...'}
[2023-12-11 13:22:04,887] [INFO] 1*******@q*.com {'ret': 0, 'msg': '您似乎已经签到过了...'}
[2023-12-12 13:20:58,390] [INFO] 1*******@q*.com {'ret': 0, 'msg': '您似乎已经签到过了...'}
[2023-12-13 13:21:26,488] [INFO] 1*******@q*.com {'ret': 0, 'msg': '您似乎已经签到过了...'}
[2023-12-14 13:23:55,767] [INFO] 1*******@q*.com {'ret': 0, 'msg': '您似乎已经签到过了...'}
[2023-12-15 13:21:03,546] [INFO] 1*******@q*.com {'ret': 0, 'msg': '您似乎已经签到过了...'}
[2023-12-16 13:18:17,151] [INFO] 1*******@q*.com {'ret': 0, 'msg': '您似乎已经签到过了...'}
[2023-12-17 13:18:25,833] [INFO] 1*******@q*.com {'ret': 0, 'msg': '您似乎已经签到过了...'}
[2023-12-18 13:21:54,685] [INFO] 1*******@q*.com {'ret': 0, 'msg': '您似乎已经签到过了...'}
[2023-12-19 13:20:30,346] [INFO] 1*******@q*.com {'ret': 0, 'msg': '您似乎已经签到过了...'}
[2023-12-20 13:16:02,942] [INFO] 1*******@q*.com {'ret': 0, 'msg': '您似乎已经签到过了...'}
